<?xml version="1.0" encoding="UTF-8"?>
<!-- Generated by org.testng.reporters.JUnitReportReporter -->
<testsuite skipped="0" hostname="DESKTOP-CP8V7AG" name="com.bobit.qa.testcases.FormPageTest" tests="2" failures="0" timestamp="2020-09-10T00:06:21 EDT" time="21.434" errors="0">
  <testcase name="validateGetTotal" time="11.030" classname="com.bobit.qa.testcases.FormPageTest"/>
  <system-out/>
  <testcase name="validateFormMessage" time="10.404" classname="com.bobit.qa.testcases.FormPageTest"/>
  <system-out/>
</testsuite> <!-- com.bobit.qa.testcases.FormPageTest -->
