<?xml version="1.0" encoding="UTF-8"?>
<!-- Generated by org.testng.reporters.JUnitReportReporter -->
<testsuite skipped="0" hostname="DESKTOP-CP8V7AG" name="com.bobit.qa.testcases.RadioButtonPageTest" tests="2" failures="0" timestamp="2020-09-10T00:06:21 EDT" time="20.927" errors="0">
  <testcase name="validateRadioButtonFirst" time="10.425" classname="com.bobit.qa.testcases.RadioButtonPageTest"/>
  <system-out/>
  <testcase name="validateSecondRadioButton" time="10.502" classname="com.bobit.qa.testcases.RadioButtonPageTest"/>
  <system-out/>
</testsuite> <!-- com.bobit.qa.testcases.RadioButtonPageTest -->
