<?xml version="1.0" encoding="UTF-8"?>
<!-- Generated by org.testng.reporters.JUnitReportReporter -->
<testsuite skipped="0" hostname="DESKTOP-CP8V7AG" name="com.bobit.qa.testcases.InputFormPageTest1" tests="3" failures="0" timestamp="2020-09-10T00:06:21 EDT" time="38.590" errors="0">
  <testcase name="validateCreateNewContact" time="13.098" classname="com.bobit.qa.testcases.InputFormPageTest1"/>
  <system-out/>
  <testcase name="validateCreateNewContact" time="13.112" classname="com.bobit.qa.testcases.InputFormPageTest1"/>
  <system-out/>
  <testcase name="validateCreateNewContact" time="12.380" classname="com.bobit.qa.testcases.InputFormPageTest1"/>
  <system-out/>
</testsuite> <!-- com.bobit.qa.testcases.InputFormPageTest1 -->
