<?xml version="1.0" encoding="UTF-8"?>
<!-- Generated by org.testng.reporters.JUnitReportReporter -->
<testsuite skipped="0" hostname="DESKTOP-CP8V7AG" name="com.bobit.qa.testcases.CheckboxPageTest" tests="2" failures="0" timestamp="2020-09-10T15:34:44 EDT" time="20.563" errors="0">
  <testcase name="validateCheckbox" time="10.035" classname="com.bobit.qa.testcases.CheckboxPageTest"/>
  <system-out/>
  <testcase name="validateMultiCheckBox" time="10.528" classname="com.bobit.qa.testcases.CheckboxPageTest"/>
  <system-out/>
</testsuite> <!-- com.bobit.qa.testcases.CheckboxPageTest -->
