<?xml version="1.0" encoding="UTF-8"?>
<!-- Generated by org.testng.reporters.JUnitReportReporter -->
<testsuite skipped="0" hostname="DESKTOP-CP8V7AG" name="com.bobit.qa.testcases.LoginPageTest" tests="1" failures="0" timestamp="2020-09-10T15:04:49 EDT" time="16.780" errors="0">
  <testcase name="validatelogin" time="16.780" classname="com.bobit.qa.testcases.LoginPageTest"/>
  <system-out/>
</testsuite> <!-- com.bobit.qa.testcases.LoginPageTest -->
