<?xml version="1.0" encoding="UTF-8"?>
<!-- Generated by org.testng.reporters.JUnitReportReporter -->
<testsuite skipped="0" hostname="DESKTOP-CP8V7AG" name="com.bobit.qa.testcases.InputFormPageTest1" tests="3" failures="0" timestamp="2020-09-10T15:19:03 EDT" time="35.272" errors="0">
  <testcase name="validateCreateNewContact" time="11.691" classname="com.bobit.qa.testcases.InputFormPageTest1"/>
  <system-out/>
  <testcase name="validateCreateNewContact" time="11.497" classname="com.bobit.qa.testcases.InputFormPageTest1"/>
  <system-out/>
  <testcase name="validateCreateNewContact" time="12.084" classname="com.bobit.qa.testcases.InputFormPageTest1"/>
  <system-out/>
</testsuite> <!-- com.bobit.qa.testcases.InputFormPageTest1 -->
