<?xml version="1.0" encoding="UTF-8"?>
<!-- Generated by org.testng.reporters.JUnitReportReporter -->
<testsuite skipped="0" hostname="DESKTOP-CP8V7AG" name="com.bobit.qa.testcases.FormPageTest" tests="2" failures="0" timestamp="2020-09-10T15:19:03 EDT" time="19.961" errors="0">
  <testcase name="validateFormMessage" time="9.596" classname="com.bobit.qa.testcases.FormPageTest"/>
  <system-out/>
  <testcase name="validateGetTotal" time="10.365" classname="com.bobit.qa.testcases.FormPageTest"/>
  <system-out/>
</testsuite> <!-- com.bobit.qa.testcases.FormPageTest -->
