<?xml version="1.0" encoding="UTF-8"?>
<!-- Generated by org.testng.reporters.JUnitReportReporter -->
<testsuite skipped="0" hostname="DESKTOP-CP8V7AG" name="com.bobit.qa.testcases.CheckboxPageTest" tests="2" failures="0" timestamp="2020-09-10T15:19:03 EDT" time="19.006" errors="0">
  <testcase name="validateCheckbox" time="9.451" classname="com.bobit.qa.testcases.CheckboxPageTest"/>
  <system-out/>
  <testcase name="validateMultiCheckBox" time="9.555" classname="com.bobit.qa.testcases.CheckboxPageTest"/>
  <system-out/>
</testsuite> <!-- com.bobit.qa.testcases.CheckboxPageTest -->
