<?xml version="1.0" encoding="UTF-8"?>
<!-- Generated by org.testng.reporters.JUnitReportReporter -->
<testsuite skipped="0" hostname="DESKTOP-CP8V7AG" name="com.bobit.qa.testcases.RadioButtonPageTest" tests="2" failures="0" timestamp="2020-09-10T15:19:03 EDT" time="20.065" errors="0">
  <testcase name="validateRadioButtonFirst" time="9.512" classname="com.bobit.qa.testcases.RadioButtonPageTest"/>
  <system-out/>
  <testcase name="validateSecondRadioButton" time="10.553" classname="com.bobit.qa.testcases.RadioButtonPageTest"/>
  <system-out/>
</testsuite> <!-- com.bobit.qa.testcases.RadioButtonPageTest -->
